<?xml version="1.0" encoding="UTF-8"?>
<!-- Generated by org.testng.reporters.JUnitReportReporter -->
<testsuite hostname="DESKTOP-75SF3QH" failures="0" tests="3" name="test.Practice" time="0.015" errors="0" timestamp="2022-04-23T01:24:33 IST" skipped="0">
  <testcase classname="test.Practice" name="test3" time="0.003"/>
  <system-out/>
  <testcase classname="test.Practice" name="test3" time="0.002"/>
  <system-out/>
  <testcase classname="test.Practice" name="test3" time="0.010"/>
  <system-out/>
</testsuite> <!-- test.Practice -->
