<?xml version="1.0" encoding="UTF-8"?>
<!-- Generated by org.testng.reporters.JUnitReportReporter -->
<testsuite hostname="DESKTOP-75SF3QH" failures="0" tests="3" name="test.LoginTest" time="43.624" errors="0" timestamp="2022-04-22T16:57:14 IST" skipped="0">
  <testcase classname="test.LoginTest" name="loginWithValidData" time="21.554"/>
  <system-out/>
  <testcase classname="test.LoginTest" name="signupPage" time="12.065"/>
  <system-out/>
  <testcase classname="test.LoginTest" name="forgotIdPass" time="10.005"/>
  <system-out/>
</testsuite> <!-- test.LoginTest -->
